[0.012s] Invoking command in '/home/jarvis/magic/ROS/autobot_ws/src/autobot_one/build/autobot_one': CMAKE_PREFIX_PATH=${CMAKE_PREFIX_PATH}:/opt/ros/humble /usr/bin/cmake /home/jarvis/magic/ROS/autobot_ws/src/autobot_one -DAMENT_CMAKE_SYMLINK_INSTALL=1 -DCMAKE_INSTALL_PREFIX=/home/jarvis/magic/ROS/autobot_ws/src/autobot_one/install/autobot_one
[0.071s] -- The C compiler identification is GNU 11.4.0
[0.131s] -- The CXX compiler identification is GNU 11.4.0
[0.139s] -- Detecting C compiler ABI info
[0.209s] -- Detecting C compiler ABI info - done
[0.217s] -- Check for working C compiler: /usr/bin/cc - skipped
[0.217s] -- Detecting C compile features
[0.217s] -- Detecting C compile features - done
[0.221s] -- Detecting CXX compiler ABI info
[0.305s] -- Detecting CXX compiler ABI info - done
[0.314s] -- Check for working CXX compiler: /usr/bin/c++ - skipped
[0.314s] -- Detecting CXX compile features
[0.314s] -- Detecting CXX compile features - done
[0.317s] -- Found ament_cmake: 1.3.10 (/opt/ros/humble/share/ament_cmake/cmake)
[0.472s] -- Found Python3: /usr/bin/python3 (found version "3.10.12") found components: Interpreter 
[0.539s] -- Override CMake install command with custom implementation using symlinks instead of copying resources
[0.564s] -- Found ament_lint_auto: 0.12.11 (/opt/ros/humble/share/ament_lint_auto/cmake)
[0.649s] -- Added test 'copyright' to check source files copyright and LICENSE
[0.664s] -- Added test 'cppcheck' to perform static code analysis on C / C++ code
[0.664s] -- Configured cppcheck include dirs: 
[0.664s] -- Configured cppcheck exclude dirs and/or files: 
[0.680s] -- Added test 'cpplint' to check C / C++ code against the Google style
[0.680s] -- Configured cpplint exclude dirs and/or files: 
[0.683s] -- Added test 'flake8' to check Python code syntax and style conventions
[0.687s] -- Added test 'lint_cmake' to check CMake code style
[0.690s] -- Added test 'pep257' to check Python code against some of the docstring style conventions in PEP 257
[0.707s] -- Added test 'uncrustify' to check C / C++ code style
[0.707s] -- Configured uncrustify additional arguments: 
[0.710s] -- Added test 'xmllint' to check XML markup files
[0.713s] -- Configuring done
[0.717s] -- Generating done
[0.718s] -- Build files have been written to: /home/jarvis/magic/ROS/autobot_ws/src/autobot_one/build/autobot_one
[0.730s] Invoked command in '/home/jarvis/magic/ROS/autobot_ws/src/autobot_one/build/autobot_one' returned '0': CMAKE_PREFIX_PATH=${CMAKE_PREFIX_PATH}:/opt/ros/humble /usr/bin/cmake /home/jarvis/magic/ROS/autobot_ws/src/autobot_one -DAMENT_CMAKE_SYMLINK_INSTALL=1 -DCMAKE_INSTALL_PREFIX=/home/jarvis/magic/ROS/autobot_ws/src/autobot_one/install/autobot_one
[0.733s] Invoking command in '/home/jarvis/magic/ROS/autobot_ws/src/autobot_one/build/autobot_one': CMAKE_PREFIX_PATH=${CMAKE_PREFIX_PATH}:/opt/ros/humble /usr/bin/cmake --build /home/jarvis/magic/ROS/autobot_ws/src/autobot_one/build/autobot_one -- -j8 -l8
[0.776s] Invoked command in '/home/jarvis/magic/ROS/autobot_ws/src/autobot_one/build/autobot_one' returned '0': CMAKE_PREFIX_PATH=${CMAKE_PREFIX_PATH}:/opt/ros/humble /usr/bin/cmake --build /home/jarvis/magic/ROS/autobot_ws/src/autobot_one/build/autobot_one -- -j8 -l8
[0.807s] Invoking command in '/home/jarvis/magic/ROS/autobot_ws/src/autobot_one/build/autobot_one': CMAKE_PREFIX_PATH=${CMAKE_PREFIX_PATH}:/opt/ros/humble /usr/bin/cmake --install /home/jarvis/magic/ROS/autobot_ws/src/autobot_one/build/autobot_one
[0.814s] -- Install configuration: ""
[0.815s] -- Execute custom install script
[0.815s] -- Symlinking: /home/jarvis/magic/ROS/autobot_ws/src/autobot_one/install/autobot_one/share/autobot_one/config/drive_bot.rviz
[0.825s] -- Symlinking: /home/jarvis/magic/ROS/autobot_ws/src/autobot_one/install/autobot_one/share/autobot_one/config/empty.yaml
[0.834s] -- Symlinking: /home/jarvis/magic/ROS/autobot_ws/src/autobot_one/install/autobot_one/share/autobot_one/description/camera.xacro
[0.843s] -- Symlinking: /home/jarvis/magic/ROS/autobot_ws/src/autobot_one/install/autobot_one/share/autobot_one/description/depth_camera.xacro
[0.851s] -- Symlinking: /home/jarvis/magic/ROS/autobot_ws/src/autobot_one/install/autobot_one/share/autobot_one/description/gazebo_control.xacro
[0.860s] -- Symlinking: /home/jarvis/magic/ROS/autobot_ws/src/autobot_one/install/autobot_one/share/autobot_one/description/inertial_macros.xacro
[0.868s] -- Symlinking: /home/jarvis/magic/ROS/autobot_ws/src/autobot_one/install/autobot_one/share/autobot_one/description/lidar.xacro
[0.877s] -- Symlinking: /home/jarvis/magic/ROS/autobot_ws/src/autobot_one/install/autobot_one/share/autobot_one/description/robot.urdf.xacro
[0.885s] -- Symlinking: /home/jarvis/magic/ROS/autobot_ws/src/autobot_one/install/autobot_one/share/autobot_one/description/robot_core.xacro
[0.894s] -- Symlinking: /home/jarvis/magic/ROS/autobot_ws/src/autobot_one/install/autobot_one/share/autobot_one/launch/launch_sim.launch.py
[0.902s] -- Symlinking: /home/jarvis/magic/ROS/autobot_ws/src/autobot_one/install/autobot_one/share/autobot_one/launch/rsp.launch.py
[0.912s] -- Symlinking: /home/jarvis/magic/ROS/autobot_ws/src/autobot_one/install/autobot_one/share/autobot_one/worlds/autobot_world.world
[0.922s] -- Symlinking: /home/jarvis/magic/ROS/autobot_ws/src/autobot_one/install/autobot_one/share/autobot_one/worlds/empty.world
[0.931s] -- Symlinking: /home/jarvis/magic/ROS/autobot_ws/src/autobot_one/install/autobot_one/share/ament_index/resource_index/package_run_dependencies/autobot_one
[0.940s] -- Symlinking: /home/jarvis/magic/ROS/autobot_ws/src/autobot_one/install/autobot_one/share/ament_index/resource_index/parent_prefix_path/autobot_one
[0.949s] -- Symlinking: /home/jarvis/magic/ROS/autobot_ws/src/autobot_one/install/autobot_one/share/autobot_one/environment/ament_prefix_path.sh
[0.958s] -- Symlinking: /home/jarvis/magic/ROS/autobot_ws/src/autobot_one/install/autobot_one/share/autobot_one/environment/ament_prefix_path.dsv
[0.967s] -- Symlinking: /home/jarvis/magic/ROS/autobot_ws/src/autobot_one/install/autobot_one/share/autobot_one/environment/path.sh
[0.976s] -- Symlinking: /home/jarvis/magic/ROS/autobot_ws/src/autobot_one/install/autobot_one/share/autobot_one/environment/path.dsv
[0.985s] -- Symlinking: /home/jarvis/magic/ROS/autobot_ws/src/autobot_one/install/autobot_one/share/autobot_one/local_setup.bash
[0.993s] -- Symlinking: /home/jarvis/magic/ROS/autobot_ws/src/autobot_one/install/autobot_one/share/autobot_one/local_setup.sh
[1.002s] -- Symlinking: /home/jarvis/magic/ROS/autobot_ws/src/autobot_one/install/autobot_one/share/autobot_one/local_setup.zsh
[1.012s] -- Symlinking: /home/jarvis/magic/ROS/autobot_ws/src/autobot_one/install/autobot_one/share/autobot_one/local_setup.dsv
[1.021s] -- Symlinking: /home/jarvis/magic/ROS/autobot_ws/src/autobot_one/install/autobot_one/share/autobot_one/package.dsv
[1.031s] -- Symlinking: /home/jarvis/magic/ROS/autobot_ws/src/autobot_one/install/autobot_one/share/ament_index/resource_index/packages/autobot_one
[1.040s] -- Symlinking: /home/jarvis/magic/ROS/autobot_ws/src/autobot_one/install/autobot_one/share/autobot_one/cmake/autobot_oneConfig.cmake
[1.048s] -- Symlinking: /home/jarvis/magic/ROS/autobot_ws/src/autobot_one/install/autobot_one/share/autobot_one/cmake/autobot_oneConfig-version.cmake
[1.057s] -- Symlinking: /home/jarvis/magic/ROS/autobot_ws/src/autobot_one/install/autobot_one/share/autobot_one/package.xml
[1.068s] Invoked command in '/home/jarvis/magic/ROS/autobot_ws/src/autobot_one/build/autobot_one' returned '0': CMAKE_PREFIX_PATH=${CMAKE_PREFIX_PATH}:/opt/ros/humble /usr/bin/cmake --install /home/jarvis/magic/ROS/autobot_ws/src/autobot_one/build/autobot_one
